-------------------------------------------------------------------------------
Test set: jenkinsDemo.CalculatorTest
-------------------------------------------------------------------------------
Tests run: 6, Failures: 1, Errors: 0, Skipped: 0, Time elapsed: 0.087 s <<< FAILURE! - in jenkinsDemo.CalculatorTest
testMultiply  Time elapsed: 0.035 s  <<< FAILURE!
org.opentest4j.AssertionFailedError: Regular multiplication should work ==> expected: <21> but was: <20>
	at jenkinsDemo.CalculatorTest.testMultiply(CalculatorTest.java:22)

