<?xml version="1.0" encoding="UTF-8"?>
<testsuite xmlns:xsi="http://www.w3.org/2001/XMLSchema-instance" xsi:noNamespaceSchemaLocation="https://maven.apache.org/surefire/maven-surefire-plugin/xsd/surefire-test-report-3.0.xsd" version="3.0" name="jenkinsDemo.CalculatorTest" time="0.087" tests="6" errors="0" skipped="0" failures="1">
  <properties>
[...]
</properties>
  <testcase name="testMultiply" classname="jenkinsDemo.CalculatorTest" time="0.035">
    <failure message="Regular multiplication should work ==&gt; expected: &lt;21&gt; but was: &lt;20&gt;" type="org.opentest4j.AssertionFailedError"><![CDATA[org.opentest4j.AssertionFailedError: Regular multiplication should work ==> expected: <21> but was: <20>
	at jenkinsDemo.CalculatorTest.testMultiply(CalculatorTest.java:22)
]]></failure>
  </testcase>
  <testcase name="testMultiplyWithZero[1]" classname="jenkinsDemo.CalculatorTest" time="0.003"/>
  <testcase name="testMultiplyWithZero[2]" classname="jenkinsDemo.CalculatorTest" time="0.001"/>
  <testcase name="testMultiplyWithZero[3]" classname="jenkinsDemo.CalculatorTest" time="0.001"/>
  <testcase name="testMultiplyWithZero[4]" classname="jenkinsDemo.CalculatorTest" time="0"/>
  <testcase name="testMultiplyWithZero[5]" classname="jenkinsDemo.CalculatorTest" time="0"/>
</testsuite>